<?xml version="1.0" encoding="UTF-8"?>
<!-- Generated by org.testng.reporters.JUnitXMLReporter -->
<testsuite hostname="LAPTOP-0Q2TE7VI" ignored="0" name="Test2wynisco" tests="2" failures="1" timestamp="02 Feb 2023 18:11:19 GMT" time="38.518" errors="0">
  <testcase name="textform" time="38.431" classname="com.qa.testcases.Test2wynisco"/>
  <testcase name="form" time="0.003" classname="com.qa.testcases.Test2wynisco">
    <failure type="java.lang.NullPointerException">
      <![CDATA[java.lang.NullPointerException
at com.qa.testcases.Test2wynisco.form(Test2wynisco.java:23)
... Removed 25 stack frames]]>
    </failure>
  </testcase> <!-- form -->
</testsuite> <!-- Test2wynisco -->
